<?xml version="1.0" encoding="UTF-8"?>
<!-- Generated by org.testng.reporters.JUnitReportReporter -->
<testsuite hostname="anonymous1985" name="testCases.TestCase_002" tests="1" failures="0" timestamp="16 Jul 2018 19:28:59 GMT" time="51.363" errors="0">
  <testcase name="main" time="51.363" classname="testCases.TestCase_002"/>
</testsuite> <!-- testCases.TestCase_002 -->
