<?xml version="1.0" encoding="UTF-8"?>
<!-- Generated by org.testng.reporters.JUnitReportReporter -->
<testsuite hostname="anonymous1985" name="testCases.TestCase_001" tests="1" failures="0" timestamp="24 Jul 2018 04:30:38 GMT" time="96.884" errors="0">
  <testcase name="main" time="96.884" classname="testCases.TestCase_001"/>
</testsuite> <!-- testCases.TestCase_001 -->
