<?xml version="1.0" encoding="UTF-8"?>
<!-- Generated by org.testng.reporters.JUnitReportReporter -->
<testsuite hostname="anonymous1985" name="testCases.Framework_001" tests="1" failures="0" timestamp="16 Jul 2018 16:01:58 GMT" time="108.084" errors="0">
  <testcase name="main" time="108.084" classname="testCases.Framework_001"/>
</testsuite> <!-- testCases.Framework_001 -->
