<?xml version="1.0" encoding="UTF-8"?>
<!-- Generated by org.testng.reporters.JUnitReportReporter -->
<testsuite hostname="anonymous1985" name="testCases.TestCase_001" tests="1" failures="0" timestamp="16 Jul 2018 18:26:00 GMT" time="92.194" errors="0">
  <testcase name="main" time="92.194" classname="testCases.TestCase_001"/>
</testsuite> <!-- testCases.TestCase_001 -->
